Open5GS daemon v2.5.5-81-g92efca1

06/07 20:08:02.655: [app] INFO: Configuration: '/open5gs/install/etc/open5gs/hss.yaml' (../lib/app/ogs-init.c:126)
06/07 20:08:02.656: [app] INFO: File Logging: '/open5gs/install/var/log/open5gs/hss.log' (../lib/app/ogs-init.c:129)
06/07 20:08:02.663: [dbi] INFO: MongoDB URI: 'mongodb://10.20.0.2/open5gs' (../lib/dbi/ogs-mongoc.c:130)
06/07 20:08:02.769: [app] INFO: HSS initialize...done (../src/hss/app-init.c:31)
Open5GS daemon v2.5.5-81-g92efca1

06/07 20:25:00.359: [app] INFO: Configuration: '/open5gs/install/etc/open5gs/hss.yaml' (../lib/app/ogs-init.c:126)
06/07 20:25:00.361: [app] INFO: File Logging: '/open5gs/install/var/log/open5gs/hss.log' (../lib/app/ogs-init.c:129)
06/07 20:25:00.365: [dbi] INFO: MongoDB URI: 'mongodb://10.20.0.2/open5gs' (../lib/dbi/ogs-mongoc.c:130)
06/07 20:25:00.596: [app] INFO: HSS initialize...done (../src/hss/app-init.c:31)
Open5GS daemon v2.5.5-81-g92efca1

06/07 20:39:03.896: [app] INFO: Configuration: '/open5gs/install/etc/open5gs/hss.yaml' (../lib/app/ogs-init.c:126)
06/07 20:39:03.897: [app] INFO: File Logging: '/open5gs/install/var/log/open5gs/hss.log' (../lib/app/ogs-init.c:129)
06/07 20:39:03.901: [dbi] INFO: MongoDB URI: 'mongodb://10.20.0.2/open5gs' (../lib/dbi/ogs-mongoc.c:130)
06/07 20:39:04.020: [app] INFO: HSS initialize...done (../src/hss/app-init.c:31)
Open5GS daemon v2.5.5-81-g92efca1

06/07 20:54:49.959: [app] INFO: Configuration: '/open5gs/install/etc/open5gs/hss.yaml' (../lib/app/ogs-init.c:126)
06/07 20:54:49.960: [app] INFO: File Logging: '/open5gs/install/var/log/open5gs/hss.log' (../lib/app/ogs-init.c:129)
06/07 20:54:49.965: [dbi] INFO: MongoDB URI: 'mongodb://10.20.0.2/open5gs' (../lib/dbi/ogs-mongoc.c:130)
06/07 20:54:50.046: [app] INFO: HSS initialize...done (../src/hss/app-init.c:31)
Open5GS daemon v2.5.5-81-g92efca1

06/08 20:03:44.544: [app] INFO: Configuration: '/open5gs/install/etc/open5gs/hss.yaml' (../lib/app/ogs-init.c:126)
06/08 20:03:44.544: [app] INFO: File Logging: '/open5gs/install/var/log/open5gs/hss.log' (../lib/app/ogs-init.c:129)
06/08 20:03:44.548: [dbi] INFO: MongoDB URI: 'mongodb://10.20.0.2/open5gs' (../lib/dbi/ogs-mongoc.c:130)
06/08 20:03:44.604: [app] INFO: HSS initialize...done (../src/hss/app-init.c:31)
Open5GS daemon v2.5.5-81-g92efca1

06/08 20:41:07.401: [app] INFO: Configuration: '/open5gs/install/etc/open5gs/hss.yaml' (../lib/app/ogs-init.c:126)
06/08 20:41:07.401: [app] INFO: File Logging: '/open5gs/install/var/log/open5gs/hss.log' (../lib/app/ogs-init.c:129)
06/08 20:41:07.405: [dbi] INFO: MongoDB URI: 'mongodb://10.20.0.2/open5gs' (../lib/dbi/ogs-mongoc.c:130)
06/08 20:41:07.452: [app] INFO: HSS initialize...done (../src/hss/app-init.c:31)
Open5GS daemon v2.5.5-81-g92efca1

06/08 20:43:31.163: [app] INFO: Configuration: '/open5gs/install/etc/open5gs/hss.yaml' (../lib/app/ogs-init.c:126)
06/08 20:43:31.164: [app] INFO: File Logging: '/open5gs/install/var/log/open5gs/hss.log' (../lib/app/ogs-init.c:129)
06/08 20:43:31.168: [dbi] INFO: MongoDB URI: 'mongodb://10.20.0.2/open5gs' (../lib/dbi/ogs-mongoc.c:130)
06/08 20:43:31.231: [app] INFO: HSS initialize...done (../src/hss/app-init.c:31)
06/08 20:43:31.236: [diam] INFO: CONNECTED TO 'mme.epc.mnc001.mcc967.sabafon.com' (SCTP,soc#15): (../lib/diameter/common/logger.c:108)
06/09 03:36:52.326: [diam] ERROR: pid:PSM/mme.epc.mnc001.mcc967.sabafon.com in fd_psm_change_state@p_psm.c:284: 'STATE_OPEN'	-> 'STATE_CLOSED'	'mme.epc.mnc001.mcc967.sabafon.com'
 ((null):0)
Open5GS daemon v2.5.5-81-g92efca1

06/09 03:41:48.590: [app] INFO: Configuration: '/open5gs/install/etc/open5gs/hss.yaml' (../lib/app/ogs-init.c:126)
06/09 03:41:48.590: [app] INFO: File Logging: '/open5gs/install/var/log/open5gs/hss.log' (../lib/app/ogs-init.c:129)
06/09 03:41:48.595: [dbi] INFO: MongoDB URI: 'mongodb://10.20.0.2/open5gs' (../lib/dbi/ogs-mongoc.c:130)
06/09 03:41:48.656: [app] INFO: HSS initialize...done (../src/hss/app-init.c:31)
06/09 03:41:48.660: [diam] INFO: CONNECTED TO 'mme.epc.mnc001.mcc967.sabafon.com' (SCTP,soc#15): (../lib/diameter/common/logger.c:108)
06/09 03:47:18.691: [diam] ERROR: pid:PSM/mme.epc.mnc001.mcc967.sabafon.com in fd_psm_change_state@p_psm.c:284: 'STATE_OPEN'	-> 'STATE_CLOSED'	'mme.epc.mnc001.mcc967.sabafon.com'
 ((null):0)
Open5GS daemon v2.5.5-81-g92efca1

06/09 03:48:14.135: [app] INFO: Configuration: '/open5gs/install/etc/open5gs/hss.yaml' (../lib/app/ogs-init.c:126)
06/09 03:48:14.135: [app] INFO: File Logging: '/open5gs/install/var/log/open5gs/hss.log' (../lib/app/ogs-init.c:129)
06/09 03:48:14.139: [dbi] INFO: MongoDB URI: 'mongodb://10.20.0.2/open5gs' (../lib/dbi/ogs-mongoc.c:130)
06/09 03:48:14.213: [app] INFO: HSS initialize...done (../src/hss/app-init.c:31)
06/09 03:48:14.217: [diam] INFO: CONNECTED TO 'mme.epc.mnc001.mcc967.sabafon.com' (SCTP,soc#15): (../lib/diameter/common/logger.c:108)
06/09 04:00:53.751: [diam] ERROR: pid:PSM/mme.epc.mnc001.mcc967.sabafon.com in fd_psm_change_state@p_psm.c:284: 'STATE_OPEN'	-> 'STATE_CLOSED'	'mme.epc.mnc001.mcc967.sabafon.com'
 ((null):0)
Open5GS daemon v2.5.5-81-g92efca1

06/09 20:25:27.574: [app] INFO: Configuration: '/open5gs/install/etc/open5gs/hss.yaml' (../lib/app/ogs-init.c:126)
06/09 20:25:27.575: [app] INFO: File Logging: '/open5gs/install/var/log/open5gs/hss.log' (../lib/app/ogs-init.c:129)
06/09 20:25:27.579: [dbi] INFO: MongoDB URI: 'mongodb://172.20.0.2/open5gs' (../lib/dbi/ogs-mongoc.c:130)
06/09 20:25:27.747: [app] INFO: HSS initialize...done (../src/hss/app-init.c:31)
06/09 20:25:27.752: [diam] INFO: CONNECTED TO 'mme.epc.mnc001.mcc967.sgstel.com' (SCTP,soc#15): (../lib/diameter/common/logger.c:108)
